<?xml version="1.0" encoding="UTF-8"?>
<!-- Generated by org.testng.reporters.JUnitXMLReporter -->
<testsuite hostname="Faruk" ignored="2" name="Default test" tests="1" failures="0" timestamp="17 Dec 2022 04:53:00 GMT" time="3.991" errors="0">
  <testcase name="validateMonthsInDueDateDropDown" time="1.515" classname="com.qa.techfios.tests.HomePageTest"/>
  <testcase name="validateToggleAllFunctionality" time="0.0" classname="com.qa.techfios.tests.HomePageTest">
    <ignored/>
  </testcase> <!-- validateToggleAllFunctionality -->
  <testcase name="validateDuplicateCategoryMessage" time="0.0" classname="com.qa.techfios.tests.HomePageTest">
    <ignored/>
  </testcase> <!-- validateDuplicateCategoryMessage -->
</testsuite> <!-- Default test -->
