<?xml version="1.0" encoding="UTF-8"?>
<!-- Generated by org.testng.reporters.JUnitXMLReporter -->
<testsuite hostname="Faruk" ignored="0" name="Test" tests="3" failures="0" timestamp="19 Dec 2022 16:11:06 GMT" time="9.499" errors="0">
  <testcase name="validateToggleAllFunctionality" time="1.025" classname="com.qa.techfios.tests.HomePageTest"/>
  <testcase name="validateDuplicateCategoryMessage" time="0.943" classname="com.qa.techfios.tests.HomePageTest"/>
  <testcase name="validateMonthsInDueDateDropDown" time="1.364" classname="com.qa.techfios.tests.HomePageTest"/>
</testsuite> <!-- Test -->
