<?xml version="1.0" encoding="UTF-8"?>
<testng-results skipped="0" failed="0" ignored="0" total="2" passed="2">
  <reporter-output>
  </reporter-output>
  <suite name="Command line suite" duration-ms="8914" started-at="2022-12-15T05:29:59Z" finished-at="2022-12-15T05:30:08Z">
    <groups>
    </groups>
    <test name="Command line test" duration-ms="8914" started-at="2022-12-15T05:29:59Z" finished-at="2022-12-15T05:30:08Z">
      <class name="HomePageTest">
        <test-method status="PASS" signature="setUp()[pri:0, instance:HomePageTest@246ae04d]" name="setUp" is-config="true" duration-ms="1380" started-at="2022-12-15T05:30:05Z" finished-at="2022-12-15T05:30:06Z">
          <reporter-output>
          </reporter-output>
        </test-method> <!-- setUp -->
        <test-method status="PASS" signature="validateToggleAllFunctionality()[pri:0, instance:HomePageTest@246ae04d]" name="validateToggleAllFunctionality" duration-ms="1227" started-at="2022-12-15T05:30:06Z" finished-at="2022-12-15T05:30:07Z">
          <reporter-output>
          </reporter-output>
        </test-method> <!-- validateToggleAllFunctionality -->
        <test-method status="PASS" signature="tearDown()[pri:0, instance:HomePageTest@246ae04d]" name="tearDown" is-config="true" duration-ms="677" started-at="2022-12-15T05:30:07Z" finished-at="2022-12-15T05:30:08Z">
          <reporter-output>
          </reporter-output>
        </test-method> <!-- tearDown -->
      </class> <!-- HomePageTest -->
      <class name="com.qa.techfios.tests.HomePageTest">
        <test-method status="PASS" signature="setUp()[pri:0, instance:com.qa.techfios.tests.HomePageTest@2c6a3f77]" name="setUp" is-config="true" duration-ms="3279" started-at="2022-12-15T05:29:59Z" finished-at="2022-12-15T05:30:02Z">
          <reporter-output>
          </reporter-output>
        </test-method> <!-- setUp -->
        <test-method status="PASS" signature="validateToggleAllFunctionality()[pri:0, instance:com.qa.techfios.tests.HomePageTest@2c6a3f77]" name="validateToggleAllFunctionality" duration-ms="1681" started-at="2022-12-15T05:30:02Z" finished-at="2022-12-15T05:30:04Z">
          <reporter-output>
          </reporter-output>
        </test-method> <!-- validateToggleAllFunctionality -->
        <test-method status="PASS" signature="tearDown()[pri:0, instance:com.qa.techfios.tests.HomePageTest@2c6a3f77]" name="tearDown" is-config="true" duration-ms="650" started-at="2022-12-15T05:30:04Z" finished-at="2022-12-15T05:30:05Z">
          <reporter-output>
          </reporter-output>
        </test-method> <!-- tearDown -->
      </class> <!-- com.qa.techfios.tests.HomePageTest -->
    </test> <!-- Command line test -->
  </suite> <!-- Command line suite -->
</testng-results>
